<?xml version="1.0" encoding="UTF-8"?>
<!-- Generated by org.testng.reporters.JUnitReportReporter -->
<testsuite hostname="nimbus" name="org.apache.storm.starter.bolt.TotalRankingsBoltTest" tests="22" failures="0" timestamp="8 Feb 2017 03:48:52 GMT" time="0.012" errors="0">
  <testcase name="negativeOrZeroTopNShouldThrowIAE" time="0.000" classname="org.apache.storm.starter.bolt.TotalRankingsBoltTest"/>
  <testcase name="negativeOrZeroEmitFrequencyShouldThrowIAE" time="0.000" classname="org.apache.storm.starter.bolt.TotalRankingsBoltTest"/>
  <testcase name="positiveTopNShouldBeOk" time="0.000" classname="org.apache.storm.starter.bolt.TotalRankingsBoltTest"/>
  <testcase name="negativeOrZeroEmitFrequencyShouldThrowIAE" time="0.000" classname="org.apache.storm.starter.bolt.TotalRankingsBoltTest"/>
  <testcase name="negativeOrZeroTopNShouldThrowIAE" time="0.000" classname="org.apache.storm.starter.bolt.TotalRankingsBoltTest"/>
  <testcase name="positiveTopNShouldBeOk" time="0.000" classname="org.apache.storm.starter.bolt.TotalRankingsBoltTest"/>
  <testcase name="negativeOrZeroTopNShouldThrowIAE" time="0.000" classname="org.apache.storm.starter.bolt.TotalRankingsBoltTest"/>
  <testcase name="shouldSetTickTupleFrequencyInComponentConfigurationToNonZeroValue" time="0.000" classname="org.apache.storm.starter.bolt.TotalRankingsBoltTest"/>
  <testcase name="positiveEmitFrequencyShouldBeOk" time="0.000" classname="org.apache.storm.starter.bolt.TotalRankingsBoltTest"/>
  <testcase name="negativeOrZeroEmitFrequencyShouldThrowIAE" time="0.001" classname="org.apache.storm.starter.bolt.TotalRankingsBoltTest"/>
  <testcase name="positiveTopNShouldBeOk" time="0.000" classname="org.apache.storm.starter.bolt.TotalRankingsBoltTest"/>
  <testcase name="positiveEmitFrequencyShouldBeOk" time="0.000" classname="org.apache.storm.starter.bolt.TotalRankingsBoltTest"/>
  <testcase name="shouldDeclareOutputFields" time="0.001" classname="org.apache.storm.starter.bolt.TotalRankingsBoltTest"/>
  <testcase name="shouldEmitSomethingIfTickTupleIsReceived" time="0.000" classname="org.apache.storm.starter.bolt.TotalRankingsBoltTest"/>
  <testcase name="shouldEmitNothingIfNormalTupleIsReceived" time="0.009" classname="org.apache.storm.starter.bolt.TotalRankingsBoltTest"/>
  <testcase name="negativeOrZeroEmitFrequencyShouldThrowIAE" time="0.000" classname="org.apache.storm.starter.bolt.TotalRankingsBoltTest"/>
  <testcase name="negativeOrZeroTopNShouldThrowIAE" time="0.000" classname="org.apache.storm.starter.bolt.TotalRankingsBoltTest"/>
  <testcase name="positiveEmitFrequencyShouldBeOk" time="0.001" classname="org.apache.storm.starter.bolt.TotalRankingsBoltTest"/>
  <testcase name="positiveEmitFrequencyShouldBeOk" time="0.000" classname="org.apache.storm.starter.bolt.TotalRankingsBoltTest"/>
  <testcase name="positiveTopNShouldBeOk" time="0.000" classname="org.apache.storm.starter.bolt.TotalRankingsBoltTest"/>
  <testcase name="negativeOrZeroTopNShouldThrowIAE" time="0.000" classname="org.apache.storm.starter.bolt.TotalRankingsBoltTest"/>
  <testcase name="negativeOrZeroEmitFrequencyShouldThrowIAE" time="0.000" classname="org.apache.storm.starter.bolt.TotalRankingsBoltTest"/>
</testsuite> <!-- org.apache.storm.starter.bolt.TotalRankingsBoltTest -->
