<?xml version="1.0" encoding="UTF-8"?>
<!-- Generated by org.testng.reporters.JUnitReportReporter -->
<testsuite hostname="nimbus" name="org.apache.storm.starter.tools.NthLastModifiedTimeTrackerTest" tests="39" failures="0" timestamp="8 Feb 2017 03:48:52 GMT" time="0.360" errors="0">
  <testcase name="positiveNumTimesToTrackShouldBeOk" time="0.312" classname="org.apache.storm.starter.tools.NthLastModifiedTimeTrackerTest"/>
  <testcase name="shouldReturnCorrectModifiedTimeWhenMarkedAsModified" time="0.000" classname="org.apache.storm.starter.tools.NthLastModifiedTimeTrackerTest"/>
  <testcase name="shouldReturnCorrectModifiedTimeEvenWhenNotYetMarkedAsModified" time="0.007" classname="org.apache.storm.starter.tools.NthLastModifiedTimeTrackerTest"/>
  <testcase name="shouldReturnCorrectModifiedTimeEvenWhenNotYetMarkedAsModified" time="0.000" classname="org.apache.storm.starter.tools.NthLastModifiedTimeTrackerTest"/>
  <testcase name="shouldReturnCorrectModifiedTimeWhenMarkedAsModified" time="0.004" classname="org.apache.storm.starter.tools.NthLastModifiedTimeTrackerTest"/>
  <testcase name="shouldReturnCorrectModifiedTimeEvenWhenNotYetMarkedAsModified" time="0.000" classname="org.apache.storm.starter.tools.NthLastModifiedTimeTrackerTest"/>
  <testcase name="positiveNumTimesToTrackShouldBeOk" time="0.001" classname="org.apache.storm.starter.tools.NthLastModifiedTimeTrackerTest"/>
  <testcase name="shouldReturnCorrectModifiedTimeEvenWhenNotYetMarkedAsModified" time="0.000" classname="org.apache.storm.starter.tools.NthLastModifiedTimeTrackerTest"/>
  <testcase name="shouldReturnCorrectModifiedTimeWhenMarkedAsModified" time="0.004" classname="org.apache.storm.starter.tools.NthLastModifiedTimeTrackerTest"/>
  <testcase name="positiveNumTimesToTrackShouldBeOk" time="0.000" classname="org.apache.storm.starter.tools.NthLastModifiedTimeTrackerTest"/>
  <testcase name="negativeOrZeroNumTimesToTrackShouldThrowIAE" time="0.008" classname="org.apache.storm.starter.tools.NthLastModifiedTimeTrackerTest"/>
  <testcase name="shouldReturnCorrectModifiedTimeWhenMarkedAsModified" time="0.001" classname="org.apache.storm.starter.tools.NthLastModifiedTimeTrackerTest"/>
  <testcase name="positiveNumTimesToTrackShouldBeOk" time="0.000" classname="org.apache.storm.starter.tools.NthLastModifiedTimeTrackerTest"/>
  <testcase name="shouldReturnCorrectModifiedTimeWhenMarkedAsModified" time="0.001" classname="org.apache.storm.starter.tools.NthLastModifiedTimeTrackerTest"/>
  <testcase name="shouldReturnCorrectModifiedTimeWhenMarkedAsModified" time="0.003" classname="org.apache.storm.starter.tools.NthLastModifiedTimeTrackerTest"/>
  <testcase name="shouldReturnCorrectModifiedTimeWhenMarkedAsModified" time="0.000" classname="org.apache.storm.starter.tools.NthLastModifiedTimeTrackerTest"/>
  <testcase name="shouldReturnCorrectModifiedTimeWhenMarkedAsModified" time="0.001" classname="org.apache.storm.starter.tools.NthLastModifiedTimeTrackerTest"/>
  <testcase name="negativeOrZeroNumTimesToTrackShouldThrowIAE" time="0.000" classname="org.apache.storm.starter.tools.NthLastModifiedTimeTrackerTest"/>
  <testcase name="shouldReturnCorrectModifiedTimeWhenMarkedAsModified" time="0.000" classname="org.apache.storm.starter.tools.NthLastModifiedTimeTrackerTest"/>
  <testcase name="shouldReturnCorrectModifiedTimeWhenMarkedAsModified" time="0.001" classname="org.apache.storm.starter.tools.NthLastModifiedTimeTrackerTest"/>
  <testcase name="shouldReturnCorrectModifiedTimeEvenWhenNotYetMarkedAsModified" time="0.000" classname="org.apache.storm.starter.tools.NthLastModifiedTimeTrackerTest"/>
  <testcase name="shouldReturnCorrectModifiedTimeWhenMarkedAsModified" time="0.001" classname="org.apache.storm.starter.tools.NthLastModifiedTimeTrackerTest"/>
  <testcase name="shouldReturnCorrectModifiedTimeWhenMarkedAsModified" time="0.000" classname="org.apache.storm.starter.tools.NthLastModifiedTimeTrackerTest"/>
  <testcase name="shouldReturnCorrectModifiedTimeEvenWhenNotYetMarkedAsModified" time="0.001" classname="org.apache.storm.starter.tools.NthLastModifiedTimeTrackerTest"/>
  <testcase name="shouldReturnCorrectModifiedTimeEvenWhenNotYetMarkedAsModified" time="0.003" classname="org.apache.storm.starter.tools.NthLastModifiedTimeTrackerTest"/>
  <testcase name="shouldReturnCorrectModifiedTimeWhenMarkedAsModified" time="0.000" classname="org.apache.storm.starter.tools.NthLastModifiedTimeTrackerTest"/>
  <testcase name="shouldReturnCorrectModifiedTimeWhenMarkedAsModified" time="0.003" classname="org.apache.storm.starter.tools.NthLastModifiedTimeTrackerTest"/>
  <testcase name="negativeOrZeroNumTimesToTrackShouldThrowIAE" time="0.000" classname="org.apache.storm.starter.tools.NthLastModifiedTimeTrackerTest"/>
  <testcase name="shouldReturnCorrectModifiedTimeWhenMarkedAsModified" time="0.000" classname="org.apache.storm.starter.tools.NthLastModifiedTimeTrackerTest"/>
  <testcase name="shouldReturnCorrectModifiedTimeWhenMarkedAsModified" time="0.001" classname="org.apache.storm.starter.tools.NthLastModifiedTimeTrackerTest"/>
  <testcase name="shouldReturnCorrectModifiedTimeEvenWhenNotYetMarkedAsModified" time="0.001" classname="org.apache.storm.starter.tools.NthLastModifiedTimeTrackerTest"/>
  <testcase name="negativeOrZeroNumTimesToTrackShouldThrowIAE" time="0.001" classname="org.apache.storm.starter.tools.NthLastModifiedTimeTrackerTest"/>
  <testcase name="shouldReturnCorrectModifiedTimeWhenMarkedAsModified" time="0.001" classname="org.apache.storm.starter.tools.NthLastModifiedTimeTrackerTest"/>
  <testcase name="shouldReturnCorrectModifiedTimeWhenMarkedAsModified" time="0.000" classname="org.apache.storm.starter.tools.NthLastModifiedTimeTrackerTest"/>
  <testcase name="shouldReturnCorrectModifiedTimeWhenMarkedAsModified" time="0.000" classname="org.apache.storm.starter.tools.NthLastModifiedTimeTrackerTest"/>
  <testcase name="shouldReturnCorrectModifiedTimeWhenMarkedAsModified" time="0.000" classname="org.apache.storm.starter.tools.NthLastModifiedTimeTrackerTest"/>
  <testcase name="shouldReturnCorrectModifiedTimeWhenMarkedAsModified" time="0.000" classname="org.apache.storm.starter.tools.NthLastModifiedTimeTrackerTest"/>
  <testcase name="shouldReturnCorrectModifiedTimeWhenMarkedAsModified" time="0.000" classname="org.apache.storm.starter.tools.NthLastModifiedTimeTrackerTest"/>
  <testcase name="negativeOrZeroNumTimesToTrackShouldThrowIAE" time="0.005" classname="org.apache.storm.starter.tools.NthLastModifiedTimeTrackerTest"/>
</testsuite> <!-- org.apache.storm.starter.tools.NthLastModifiedTimeTrackerTest -->
